<?xml version="1.0" encoding="UTF-8"?>
<!-- Generated by org.testng.reporters.JUnitReportReporter -->
<testsuite hostname="DESKTOP-UNM5REE" name="pkg1.Selenium" tests="1" failures="0" timestamp="12 Dec 2022 22:58:01 GMT" time="13.904" errors="0">
  <testcase name="OpenBrowser" time="13.904" classname="pkg1.Selenium"/>
</testsuite> <!-- pkg1.Selenium -->
